<?xml version="1.0" encoding="utf-8"?><testsuites name="pytest tests"><testsuite name="pytest" errors="0" failures="0" skipped="0" tests="12" time="75.935" timestamp="2026-03-22T17:12:11.109581+00:00" hostname="agent-env-b376c0e3-65aa-4399-9c2d-aefb900849d7"><testcase classname="backend.tests.test_datafarm_api.TestHealthEndpoints" name="test_root_endpoint" time="0.125" /><testcase classname="backend.tests.test_datafarm_api.TestHealthEndpoints" name="test_status_endpoint_get" time="0.105" /><testcase classname="backend.tests.test_datafarm_api.TestHealthEndpoints" name="test_status_endpoint_post" time="0.120" /><testcase classname="backend.tests.test_datafarm_api.TestContactFormAPI" name="test_contact_form_valid_submission" time="21.141" /><testcase classname="backend.tests.test_datafarm_api.TestContactFormAPI" name="test_contact_form_missing_name" time="0.162" /><testcase classname="backend.tests.test_datafarm_api.TestContactFormAPI" name="test_contact_form_invalid_email" time="0.119" /><testcase classname="backend.tests.test_datafarm_api.TestContactFormAPI" name="test_contact_form_missing_phone" time="0.121" /><testcase classname="backend.tests.test_datafarm_api.TestContactFormAPI" name="test_contact_form_missing_subject" time="0.138" /><testcase classname="backend.tests.test_datafarm_api.TestContactFormAPI" name="test_contact_form_missing_message" time="0.112" /><testcase classname="backend.tests.test_datafarm_api.TestContactFormAPI" name="test_contact_form_different_country_codes" time="53.468" /><testcase classname="backend.tests.test_datafarm_api.TestAPIErrorHandling" name="test_invalid_endpoint" time="0.152" /><testcase classname="backend.tests.test_datafarm_api.TestAPIErrorHandling" name="test_invalid_method_on_contact" time="0.117" /></testsuite></testsuites>