<?xml version="1.0" encoding="utf-8"?><testsuites name="pytest tests"><testsuite name="pytest" errors="0" failures="0" skipped="0" tests="8" time="92.418" timestamp="2026-03-19T14:16:34.306012+00:00" hostname="agent-env-0aeb4588-eebf-4ac7-8984-c516b7fe810a"><testcase classname="backend.tests.test_api.TestHealthAndRoot" name="test_root_endpoint" time="0.259" /><testcase classname="backend.tests.test_api.TestStatusEndpoints" name="test_create_status_check" time="0.155" /><testcase classname="backend.tests.test_api.TestStatusEndpoints" name="test_get_status_checks" time="0.190" /><testcase classname="backend.tests.test_api.TestContactForm" name="test_contact_form_valid_submission" time="15.144" /><testcase classname="backend.tests.test_api.TestContactForm" name="test_contact_form_with_different_country_codes" time="76.186" /><testcase classname="backend.tests.test_api.TestContactForm" name="test_contact_form_missing_fields" time="0.258" /><testcase classname="backend.tests.test_api.TestContactForm" name="test_contact_form_invalid_email" time="0.106" /><testcase classname="backend.tests.test_api.TestCORS" name="test_cors_headers" time="0.069" /></testsuite></testsuites>